<?xml version="1.0" encoding="utf-8"?><TestRun id="afcb1896-a6cc-4213-9d7b-381995bdfaea" name="@sandeep-HP-Pavilion-g6-Notebook-PC 2019-09-22 21:18:43" xmlns="http://microsoft.com/schemas/VisualStudio/TeamTest/2010"><Times creation="2019-09-22T21:18:43.2717725+05:30" queuing="2019-09-22T21:18:43.2717727+05:30" start="2019-09-22T21:18:41.8010619+05:30" finish="2019-09-22T21:18:43.3110135+05:30" /><TestSettings name="default" id="e25a3bca-3efc-46e1-9759-3c08ca095852"><Deployment runDeploymentRoot="_sandeep-HP-Pavilion-g6-Notebook-PC_2019-09-22_21_18_43" /></TestSettings><Results><UnitTestResult executionId="7a081899-861b-4d25-aae9-c78de4bd792a" testId="aa601986-fbea-4b41-8046-714f734d3548" testName="Test4" computerName="sandeep-HP-Pavilion-g6-Notebook-PC" duration="00:00:00.0010000" startTime="2019-09-22T21:18:43.0000000+05:30" endTime="2019-09-22T21:18:43.0000000+05:30" testType="13cdc9d9-ddb5-4fa4-a97d-d965ccfc6d4b" outcome="Passed" testListId="8c84fa94-04c1-424b-9868-57a2d4851a1d" relativeResultsDirectory="7a081899-861b-4d25-aae9-c78de4bd792a"><Output><StdOut>inside setup
inside Test1</StdOut></Output></UnitTestResult><UnitTestResult executionId="6910f5b5-14e4-4263-8c11-b9b91e55c872" testId="e8446db5-4ebd-4bd9-8f6b-86998e5382ae" testName="Test1" computerName="sandeep-HP-Pavilion-g6-Notebook-PC" duration="00:00:00.0490000" startTime="2019-09-22T21:18:42.0000000+05:30" endTime="2019-09-22T21:18:43.0000000+05:30" testType="13cdc9d9-ddb5-4fa4-a97d-d965ccfc6d4b" outcome="Passed" testListId="8c84fa94-04c1-424b-9868-57a2d4851a1d" relativeResultsDirectory="6910f5b5-14e4-4263-8c11-b9b91e55c872"><Output><StdOut>inside setup
inside Test1</StdOut></Output></UnitTestResult><UnitTestResult executionId="6e6421a0-5088-4248-ae3f-ec9cacb2c413" testId="7cece272-13f9-4839-aa6c-7f0a6c2a5bfa" testName="Test2" computerName="sandeep-HP-Pavilion-g6-Notebook-PC" duration="00:00:00.0010000" startTime="2019-09-22T21:18:43.0000000+05:30" endTime="2019-09-22T21:18:43.0000000+05:30" testType="13cdc9d9-ddb5-4fa4-a97d-d965ccfc6d4b" outcome="Passed" testListId="8c84fa94-04c1-424b-9868-57a2d4851a1d" relativeResultsDirectory="6e6421a0-5088-4248-ae3f-ec9cacb2c413"><Output><StdOut>inside setup
inside Test2</StdOut></Output></UnitTestResult><UnitTestResult executionId="cc3fb0ed-6b6f-4a0e-9f6b-6e5346cfe2d7" testId="7125c366-70e7-4d24-a33f-5d1920c76446" testName="Test3" computerName="sandeep-HP-Pavilion-g6-Notebook-PC" duration="00:00:00.0010000" startTime="2019-09-22T21:18:43.0000000+05:30" endTime="2019-09-22T21:18:43.0000000+05:30" testType="13cdc9d9-ddb5-4fa4-a97d-d965ccfc6d4b" outcome="Passed" testListId="8c84fa94-04c1-424b-9868-57a2d4851a1d" relativeResultsDirectory="cc3fb0ed-6b6f-4a0e-9f6b-6e5346cfe2d7"><Output><StdOut>inside setup
inside Test1</StdOut></Output></UnitTestResult></Results><TestDefinitions><UnitTest name="Test3" storage="/home/sandeep/desktop/codepractice/nunit-advanced/bin/debug/netcoreapp2.0/nunit-advanced.dll" id="7125c366-70e7-4d24-a33f-5d1920c76446"><Execution id="cc3fb0ed-6b6f-4a0e-9f6b-6e5346cfe2d7" /><TestMethod codeBase="/home/sandeep/Desktop/CodePractice/Nunit-Advanced/bin/Debug/netcoreapp2.0/Nunit-Advanced.dll" adapterTypeName="executor://nunit3testexecutor/" className="Tests.Tests" name="Test3" /></UnitTest><UnitTest name="Test2" storage="/home/sandeep/desktop/codepractice/nunit-advanced/bin/debug/netcoreapp2.0/nunit-advanced.dll" id="7cece272-13f9-4839-aa6c-7f0a6c2a5bfa"><Execution id="6e6421a0-5088-4248-ae3f-ec9cacb2c413" /><TestMethod codeBase="/home/sandeep/Desktop/CodePractice/Nunit-Advanced/bin/Debug/netcoreapp2.0/Nunit-Advanced.dll" adapterTypeName="executor://nunit3testexecutor/" className="Tests.Tests" name="Test2" /></UnitTest><UnitTest name="Test4" storage="/home/sandeep/desktop/codepractice/nunit-advanced/bin/debug/netcoreapp2.0/nunit-advanced.dll" id="aa601986-fbea-4b41-8046-714f734d3548"><Execution id="7a081899-861b-4d25-aae9-c78de4bd792a" /><TestMethod codeBase="/home/sandeep/Desktop/CodePractice/Nunit-Advanced/bin/Debug/netcoreapp2.0/Nunit-Advanced.dll" adapterTypeName="executor://nunit3testexecutor/" className="Tests.Tests" name="Test4" /></UnitTest><UnitTest name="Test1" storage="/home/sandeep/desktop/codepractice/nunit-advanced/bin/debug/netcoreapp2.0/nunit-advanced.dll" id="e8446db5-4ebd-4bd9-8f6b-86998e5382ae"><Execution id="6910f5b5-14e4-4263-8c11-b9b91e55c872" /><TestMethod codeBase="/home/sandeep/Desktop/CodePractice/Nunit-Advanced/bin/Debug/netcoreapp2.0/Nunit-Advanced.dll" adapterTypeName="executor://nunit3testexecutor/" className="Tests.Tests" name="Test1" /></UnitTest></TestDefinitions><TestEntries><TestEntry testId="aa601986-fbea-4b41-8046-714f734d3548" executionId="7a081899-861b-4d25-aae9-c78de4bd792a" testListId="8c84fa94-04c1-424b-9868-57a2d4851a1d" /><TestEntry testId="e8446db5-4ebd-4bd9-8f6b-86998e5382ae" executionId="6910f5b5-14e4-4263-8c11-b9b91e55c872" testListId="8c84fa94-04c1-424b-9868-57a2d4851a1d" /><TestEntry testId="7cece272-13f9-4839-aa6c-7f0a6c2a5bfa" executionId="6e6421a0-5088-4248-ae3f-ec9cacb2c413" testListId="8c84fa94-04c1-424b-9868-57a2d4851a1d" /><TestEntry testId="7125c366-70e7-4d24-a33f-5d1920c76446" executionId="cc3fb0ed-6b6f-4a0e-9f6b-6e5346cfe2d7" testListId="8c84fa94-04c1-424b-9868-57a2d4851a1d" /></TestEntries><TestLists><TestList name="Results Not in a List" id="8c84fa94-04c1-424b-9868-57a2d4851a1d" /><TestList name="All Loaded Results" id="19431567-8539-422a-85d7-44ee4e166bda" /></TestLists><ResultSummary outcome="Completed"><Counters total="4" executed="4" passed="4" failed="0" error="0" timeout="0" aborted="0" inconclusive="0" passedButRunAborted="0" notRunnable="0" notExecuted="0" disconnected="0" warning="0" completed="0" inProgress="0" pending="0" /><Output><StdOut>NUnit Adapter 3.10.0.21: Test execution startedRunning all tests in /home/sandeep/Desktop/CodePractice/Nunit-Advanced/bin/Debug/netcoreapp2.0/Nunit-Advanced.dllNUnit3TestExecutor converted 4 of 4 NUnit test casesNUnit Adapter 3.10.0.21: Test execution complete</StdOut></Output></ResultSummary></TestRun>